\BOOKMARK [0][-]{chapter.1}{\376\377\000E\000i\000n\000l\000e\000i\000t\000u\000n\000g}{}% 1
\BOOKMARK [1][-]{section.1.1}{\376\377\000M\000o\000t\000i\000v\000a\000t\000i\000o\000n}{chapter.1}% 2
\BOOKMARK [1][-]{section.1.2}{\376\377\000Z\000i\000e\000l\000\040\000d\000e\000r\000\040\000A\000r\000b\000e\000i\000t}{chapter.1}% 3
\BOOKMARK [0][-]{chapter.2}{\376\377\000G\000r\000u\000n\000d\000l\000a\000g\000e\000n}{}% 4
\BOOKMARK [1][-]{section.2.1}{\376\377\000C\000a\000n\000B\000u\000s}{chapter.2}% 5
\BOOKMARK [1][-]{section.2.2}{\376\377\000R\000a\000s\000p\000b\000e\000r\000r\000y\000\040\000P\000i}{chapter.2}% 6
\BOOKMARK [2][-]{subsection.2.2.1}{\376\377\000R\000a\000s\000p\000b\000e\000r\000r\000y\000\040\000P\000i\000\040\000a\000l\000s\000\040\000R\000o\000g\000u\000e\000\040\000D\000e\000v\000i\000c\000e}{section.2.2}% 7
\BOOKMARK [0][-]{chapter.3}{\376\377\000K\000o\000n\000z\000e\000p\000t}{}% 8
\BOOKMARK [1][-]{section.3.1}{\376\377\000B\000e\000d\000i\000e\000n\000k\000o\000n\000z\000e\000p\000t\000\040\000C\000o\000n\000t\000r\000o\000l\000l\000e\000r}{chapter.3}% 9
\BOOKMARK [1][-]{section.3.2}{\376\377\000K\000o\000n\000z\000e\000p\000t\000\040\000d\000e\000s\000\040\000R\000o\000g\000u\000e\000\040\000D\000e\000v\000i\000c\000e}{chapter.3}% 10
\BOOKMARK [1][-]{section.3.3}{\376\377\000A\000u\000f\000b\000a\000u\000\040\000S\000c\000h\000i\000f\000f\000s\000y\000s\000t\000e\000m\000e}{chapter.3}% 11
\BOOKMARK [0][-]{chapter.4}{\376\377\000I\000m\000p\000l\000e\000m\000e\000n\000t\000i\000e\000r\000u\000n\000g}{}% 12
\BOOKMARK [1][-]{section.4.1}{\376\377\000V\000e\000r\000b\000i\000n\000d\000u\000n\000g\000\040\000R\000o\000g\000u\000e\000\040\000D\000e\000v\000i\000c\000e\000\040\000-\000\040\000C\000o\000n\000t\000r\000o\000l\000l\000e\000r}{chapter.4}% 13
\BOOKMARK [1][-]{section.4.2}{\376\377\000\334\000b\000e\000r\000s\000e\000t\000z\000u\000n\000g\000\040\000S\000i\000g\000n\000a\000l\000e\000\040\000C\000o\000n\000t\000r\000o\000l\000l\000e\000r\000\040\000-\000\040\000S\000c\000h\000i\000f\000f}{chapter.4}% 14
\BOOKMARK [1][-]{section.4.3}{\376\377\000E\000i\000n\000g\000a\000b\000e\000-\000I\000n\000t\000e\000r\000f\000a\000c\000e}{chapter.4}% 15
\BOOKMARK [0][-]{chapter.5}{\376\377\000S\000i\000c\000h\000e\000r\000h\000e\000i\000t}{}% 16
\BOOKMARK [1][-]{section.5.1}{\376\377\000S\000c\000h\000w\000a\000c\000h\000s\000t\000e\000l\000l\000e\000n}{chapter.5}% 17
\BOOKMARK [1][-]{section.5.2}{\376\377\000S\000c\000h\000u\000t\000z\000m\000a\000\337\000n\000a\000h\000m\000e\000n}{chapter.5}% 18
\BOOKMARK [1][-]{section.5.3}{\376\377\000G\000e\000n\000e\000r\000a\000l\000i\000s\000i\000e\000r\000u\000n\000g}{chapter.5}% 19
\BOOKMARK [0][-]{chapter.6}{\376\377\000A\000b\000s\000c\000h\000l\000i\000e\000\337\000e\000n\000d\000e\000\040\000B\000e\000t\000r\000a\000c\000h\000t\000u\000n\000g}{}% 20
\BOOKMARK [1][-]{section.6.1}{\376\377\000F\000a\000z\000i\000t}{chapter.6}% 21
\BOOKMARK [1][-]{section.6.2}{\376\377\000A\000u\000s\000b\000l\000i\000c\000k}{chapter.6}% 22
\BOOKMARK [0][-]{chapter.7}{\376\377\000A\000n\000h\000a\000n\000g}{}% 23
\BOOKMARK [1][-]{section.7.1}{\376\377\000Q\000u\000e\000l\000l\000c\000o\000d\000e}{chapter.7}% 24
\BOOKMARK [1][-]{section.7.2}{\376\377\000S\000c\000h\000a\000l\000t\000p\000l\000\344\000n\000e}{chapter.7}% 25
